1595300099719	mozrunner::runner	INFO	Running command: "/Applications/Firefox.app/Contents/MacOS/firefox-bin" "-marionette" "--width=800" "--height=825" "-foreground" "-no-remote" "-profile" "/var/folders/pl/8hb0pb411bxbncqgjzgdz8jhtd21c2/T/rust_mozprofileojLyRm"
1595300102827	Marionette	INFO	Listening on port 57682
1595300102896	Marionette	WARN	TLS certificate errors will be ignored for this session
[GFX1-]: Receive IPC close with reason=AbnormalShutdown
Exiting due to channel error.
[GFX1-]: Receive IPC close with reason=AbnormalShutdown
Exiting due to channel error.
1595302424727	mozrunner::runner	INFO	Running command: "/Applications/Firefox.app/Contents/MacOS/firefox-bin" "-marionette" "--width=800" "--height=825" "-foreground" "-no-remote" "-profile" "/var/folders/pl/8hb0pb411bxbncqgjzgdz8jhtd21c2/T/rust_mozprofileKA8Cse"
1595302427768	Marionette	INFO	Listening on port 58477
1595302427787	Marionette	WARN	TLS certificate errors will be ignored for this session
JavaScript error: https://connect.facebook.net/en_US/sdk.js?hash=24909b2681f43dfede3297543f813d96, line 62: uncaught exception: Error: invalid version specified
_RegisterApplication(), FAILED TO establish the default connection to the WindowServer, _CGSDefaultConnection() is NULL.
[GFX1-]: Receive IPC close with reason=AbnormalShutdown
Exiting due to channel error.
[GFX1-]: Receive IPC close with reason=AbnormalShutdown
Exiting due to channel error.
[GFX1-]: Receive IPC close with reason=AbnormalShutdown
Exiting due to channel error.
1595302934274	mozrunner::runner	INFO	Running command: "/Applications/Firefox.app/Contents/MacOS/firefox-bin" "-marionette" "--width=800" "--height=825" "-foreground" "-no-remote" "-profile" "/var/folders/pl/8hb0pb411bxbncqgjzgdz8jhtd21c2/T/rust_mozprofileEpq8ud"
1595302936978	Marionette	INFO	Listening on port 58648
1595302937022	Marionette	WARN	TLS certificate errors will be ignored for this session
JavaScript error: https://connect.facebook.net/en_US/sdk.js?hash=24909b2681f43dfede3297543f813d96, line 62: uncaught exception: Error: invalid version specified
_RegisterApplication(), FAILED TO establish the default connection to the WindowServer, _CGSDefaultConnection() is NULL.
Exiting due to channel error.
Exiting due to channel error.
Exiting due to channel error.
1595340715143	mozrunner::runner	INFO	Running command: "/Applications/Firefox.app/Contents/MacOS/firefox-bin" "-marionette" "--width=800" "--height=825" "-foreground" "-no-remote" "-profile" "/var/folders/pl/8hb0pb411bxbncqgjzgdz8jhtd21c2/T/rust_mozprofileG95yrl"
1595340717814	Marionette	INFO	Listening on port 61468
1595340717907	Marionette	WARN	TLS certificate errors will be ignored for this session
JavaScript error: https://connect.facebook.net/en_US/sdk.js?hash=6f31beb5f809ddc06359c6f7b87f0f24, line 62: uncaught exception: Error: invalid version specified
_RegisterApplication(), FAILED TO establish the default connection to the WindowServer, _CGSDefaultConnection() is NULL.
[GFX1-]: Receive IPC close with reason=AbnormalShutdown
Exiting due to channel error.
[GFX1-]: Receive IPC close with reason=AbnormalShutdown
Exiting due to channel error.
[GFX1-]: Receive IPC close with reason=AbnormalShutdown
Exiting due to channel error.
1595366310229	mozrunner::runner	INFO	Running command: "/Applications/Firefox.app/Contents/MacOS/firefox-bin" "-marionette" "--width=800" "--height=825" "-foreground" "-no-remote" "-profile" "/var/folders/pl/8hb0pb411bxbncqgjzgdz8jhtd21c2/T/rust_mozprofileEVxaXw"
1595366312856	Marionette	INFO	Listening on port 51290
1595366312880	Marionette	WARN	TLS certificate errors will be ignored for this session
JavaScript error: https://connect.facebook.net/en_US/sdk.js?hash=5b5a41c280c33366b3fb60e00679e524, line 62: uncaught exception: Error: invalid version specified
_RegisterApplication(), FAILED TO establish the default connection to the WindowServer, _CGSDefaultConnection() is NULL.
JavaScript warning: https://solutions.lenovo.com/assets/_combinedfiles/015971a053299b4475f1f82375149e427f02ad9c-ebe6909.js, line 3: Script terminated by timeout at:
f</e.fn.extend@https://solutions.lenovo.com/assets/_combinedfiles/015971a053299b4475f1f82375149e427f02ad9c-ebe6909.js:3:9086
simulate@https://solutions.lenovo.com/assets/_combinedfiles/015971a053299b4475f1f82375149e427f02ad9c-ebe6909.js:3:38953
e@https://solutions.lenovo.com/assets/_combinedfiles/015971a053299b4475f1f82375149e427f02ad9c-ebe6909.js:3:42049
nrWrapper@https://solutions.lenovo.com/pc-solutions/workstations?cid=us:display:btxhf7&dclid=CJTs4L7L3-oCFZUvAQodoCMBAg#workstations-for-data-science:9:13518

JavaScript error: https://www.lenovo.com/_ui/desktop/common/ISS_Static/WW/site/scripts/galleria/galleria-1.2.9.js, line 3415: Error: Fatal error: Theme CSS could not load after 20 sec. Please download the latest theme at http://galleria.io/customer/.
Exiting due to channel error.
[GFX1-]: Receive IPC close with reason=AbnormalShutdown
Exiting due to channel error.
Exiting due to channel error.
1595454102422	mozrunner::runner	INFO	Running command: "/Applications/Firefox.app/Contents/MacOS/firefox-bin" "-marionette" "--width=800" "--height=825" "-foreground" "-no-remote" "-profile" "/var/folders/pl/8hb0pb411bxbncqgjzgdz8jhtd21c2/T/rust_mozprofile5ISrMg"
1595454105068	Marionette	INFO	Listening on port 62412
1595454105073	Marionette	WARN	TLS certificate errors will be ignored for this session
JavaScript error: https://connect.facebook.net/en_US/sdk.js?hash=414d1c845d0ecb50dc7db7f4f143e6b9, line 62: uncaught exception: Error: invalid version specified
_RegisterApplication(), FAILED TO establish the default connection to the WindowServer, _CGSDefaultConnection() is NULL.
Exiting due to channel error.
Exiting due to channel error.
[GFX1-]: Receive IPC close with reason=AbnormalShutdown
Exiting due to channel error.
1595454241511	mozrunner::runner	INFO	Running command: "/Applications/Firefox.app/Contents/MacOS/firefox-bin" "-marionette" "--width=800" "--height=825" "-foreground" "-no-remote" "-profile" "/var/folders/pl/8hb0pb411bxbncqgjzgdz8jhtd21c2/T/rust_mozprofile3wziuN"
1595454243701	Marionette	INFO	Listening on port 63217
1595454243752	Marionette	WARN	TLS certificate errors will be ignored for this session
JavaScript error: https://connect.facebook.net/en_US/sdk.js?hash=414d1c845d0ecb50dc7db7f4f143e6b9, line 62: uncaught exception: Error: invalid version specified
_RegisterApplication(), FAILED TO establish the default connection to the WindowServer, _CGSDefaultConnection() is NULL.
1595512774280	mozrunner::runner	INFO	Running command: "/Applications/Firefox.app/Contents/MacOS/firefox-bin" "-marionette" "--width=800" "--height=825" "-foreground" "-no-remote" "-profile" "/var/folders/pl/8hb0pb411bxbncqgjzgdz8jhtd21c2/T/rust_mozprofiletltR82"
1595512776835	Marionette	INFO	Listening on port 50982
1595512776924	Marionette	WARN	TLS certificate errors will be ignored for this session
JavaScript error: https://connect.facebook.net/en_US/sdk.js?hash=ae06161bc5a22083472c934b02e6683e, line 62: uncaught exception: Error: invalid version specified
_RegisterApplication(), FAILED TO establish the default connection to the WindowServer, _CGSDefaultConnection() is NULL.
Exiting due to channel error.
[GFX1-]: Receive IPC close with reason=AbnormalShutdown
Exiting due to channel error.
[GFX1-]: Receive IPC close with reason=AbnormalShutdown
Exiting due to channel error.
1595514046686	mozrunner::runner	INFO	Running command: "/Applications/Firefox.app/Contents/MacOS/firefox-bin" "-marionette" "--width=800" "--height=825" "-foreground" "-no-remote" "-profile" "/var/folders/pl/8hb0pb411bxbncqgjzgdz8jhtd21c2/T/rust_mozprofilepAkYke"
1595514049677	Marionette	INFO	Listening on port 51278
1595514049749	Marionette	WARN	TLS certificate errors will be ignored for this session
JavaScript error: https://connect.facebook.net/en_US/sdk.js?hash=ae06161bc5a22083472c934b02e6683e, line 62: uncaught exception: Error: invalid version specified
_RegisterApplication(), FAILED TO establish the default connection to the WindowServer, _CGSDefaultConnection() is NULL.
Exiting due to channel error.
[GFX1-]: Receive IPC close with reason=AbnormalShutdown
Exiting due to channel error.
[GFX1-]: Receive IPC close with reason=AbnormalShutdown
Exiting due to channel error.
1595535787035	Marionette	INFO	Stopped listening on port 63217
1595542188859	mozrunner::runner	INFO	Running command: "/Applications/Firefox.app/Contents/MacOS/firefox-bin" "-marionette" "--width=800" "--height=825" "-foreground" "-no-remote" "-profile" "/var/folders/pl/8hb0pb411bxbncqgjzgdz8jhtd21c2/T/rust_mozprofile77xkJx"
1595542191416	Marionette	INFO	Listening on port 57909
1595542191437	Marionette	WARN	TLS certificate errors will be ignored for this session
JavaScript error: https://connect.facebook.net/en_US/sdk.js?hash=db04b60e0f781fb52ad2169d103624ca, line 62: uncaught exception: Error: invalid version specified
_RegisterApplication(), FAILED TO establish the default connection to the WindowServer, _CGSDefaultConnection() is NULL.
1595557089328	Marionette	INFO	Stopped listening on port 57909
1595557962992	mozrunner::runner	INFO	Running command: "/Applications/Firefox.app/Contents/MacOS/firefox-bin" "-marionette" "--width=800" "--height=825" "-foreground" "-no-remote" "-profile" "/var/folders/pl/8hb0pb411bxbncqgjzgdz8jhtd21c2/T/rust_mozprofilezn7B7K"
1595557965867	Marionette	INFO	Listening on port 59650
1595557965959	Marionette	WARN	TLS certificate errors will be ignored for this session
JavaScript error: https://connect.facebook.net/en_US/sdk.js?hash=cc0be656ef7e7d8a91c05a67a314d15a, line 62: uncaught exception: Error: invalid version specified
_RegisterApplication(), FAILED TO establish the default connection to the WindowServer, _CGSDefaultConnection() is NULL.
1595597354080	mozrunner::runner	INFO	Running command: "/Applications/Firefox.app/Contents/MacOS/firefox-bin" "-marionette" "--width=800" "--height=825" "-foreground" "-no-remote" "-profile" "/var/folders/pl/8hb0pb411bxbncqgjzgdz8jhtd21c2/T/rust_mozprofile16AMGC"
1595597357065	Marionette	INFO	Listening on port 62318
1595597357144	Marionette	WARN	TLS certificate errors will be ignored for this session
JavaScript error: https://connect.facebook.net/en_US/sdk.js?hash=2970a545a9251d0596cb00cd7f05a149, line 62: uncaught exception: Error: invalid version specified
_RegisterApplication(), FAILED TO establish the default connection to the WindowServer, _CGSDefaultConnection() is NULL.
[GFX1]: [Tiling:Client] Failed to allocate a TextureClient
[GFX1]: ValidateTile failed
[GFX1]: [Tiling:Client] Failed to allocate a TextureClient
[GFX1]: ValidateTile failed
[GFX1]: [Tiling:Client] Failed to allocate a TextureClient
[GFX1]: [Tiling:Client] Failed to allocate a TextureClient
Exiting due to channel error.
[GFX1-]: Receive IPC close with reason=AbnormalShutdown
Exiting due to channel error.
Exiting due to channel error.
1595597579891	mozrunner::runner	INFO	Running command: "/Applications/Firefox.app/Contents/MacOS/firefox-bin" "-marionette" "--width=800" "--height=825" "-foreground" "-no-remote" "-profile" "/var/folders/pl/8hb0pb411bxbncqgjzgdz8jhtd21c2/T/rust_mozprofileBHf8rj"
1595597582802	Marionette	INFO	Listening on port 62460
1595597582871	Marionette	WARN	TLS certificate errors will be ignored for this session
JavaScript error: https://connect.facebook.net/en_US/sdk.js?hash=2970a545a9251d0596cb00cd7f05a149, line 62: uncaught exception: Error: invalid version specified
_RegisterApplication(), FAILED TO establish the default connection to the WindowServer, _CGSDefaultConnection() is NULL.
Exiting due to channel error.
Exiting due to channel error.
[GFX1-]: Receive IPC close with reason=AbnormalShutdown
Exiting due to channel error.
1595600454127	Marionette	INFO	Stopped listening on port 59650
1595616723513	mozrunner::runner	INFO	Running command: "/Applications/Firefox.app/Contents/MacOS/firefox-bin" "-marionette" "--width=800" "--height=825" "-foreground" "-no-remote" "-profile" "/var/folders/pl/8hb0pb411bxbncqgjzgdz8jhtd21c2/T/rust_mozprofilexbQBQk"
1595616727156	Marionette	INFO	Listening on port 52221
1595616727198	Marionette	WARN	TLS certificate errors will be ignored for this session
JavaScript error: https://connect.facebook.net/en_US/sdk.js?hash=9634157d7ec49c39055aeed9ef9f1142, line 62: uncaught exception: Error: invalid version specified
_RegisterApplication(), FAILED TO establish the default connection to the WindowServer, _CGSDefaultConnection() is NULL.
[GFX1-]: Receive IPC close with reason=AbnormalShutdown
Exiting due to channel error.
Exiting due to channel error.
Exiting due to channel error.
1595702025706	mozrunner::runner	INFO	Running command: "/Applications/Firefox.app/Contents/MacOS/firefox-bin" "-marionette" "--width=800" "--height=825" "-foreground" "-no-remote" "-profile" "/var/folders/pl/8hb0pb411bxbncqgjzgdz8jhtd21c2/T/rust_mozprofile5pMu8e"
1595702032325	Marionette	INFO	Listening on port 60939
1595702032374	Marionette	WARN	TLS certificate errors will be ignored for this session
1595702069217	Marionette	INFO	Stopped listening on port 60939
1595702136175	mozrunner::runner	INFO	Running command: "/Applications/Firefox.app/Contents/MacOS/firefox-bin" "-marionette" "--width=800" "--height=825" "-foreground" "-no-remote" "-profile" "/var/folders/pl/8hb0pb411bxbncqgjzgdz8jhtd21c2/T/rust_mozprofile8ih8hV"
1595702139247	Marionette	INFO	Listening on port 61048
1595702139346	Marionette	WARN	TLS certificate errors will be ignored for this session
JavaScript error: https://connect.facebook.net/en_US/sdk.js?hash=d36678d9098311eae6655d6f5c111b22, line 62: uncaught exception: Error: invalid version specified
_RegisterApplication(), FAILED TO establish the default connection to the WindowServer, _CGSDefaultConnection() is NULL.
1595801433415	mozrunner::runner	INFO	Running command: "/Applications/Firefox.app/Contents/MacOS/firefox-bin" "-marionette" "--width=800" "--height=825" "-foreground" "-no-remote" "-profile" "/var/folders/pl/8hb0pb411bxbncqgjzgdz8jhtd21c2/T/rust_mozprofileVxOJgq"
1595801436778	Marionette	INFO	Listening on port 50491
1595801436882	Marionette	WARN	TLS certificate errors will be ignored for this session
JavaScript error: https://connect.facebook.net/en_US/sdk.js?hash=9f5761e32075af042aecb7d35b56d0a7, line 62: uncaught exception: Error: invalid version specified
_RegisterApplication(), FAILED TO establish the default connection to the WindowServer, _CGSDefaultConnection() is NULL.
Exiting due to channel error.
[GFX1-]: Receive IPC close with reason=AbnormalShutdown
Exiting due to channel error.
[GFX1-]: Receive IPC close with reason=AbnormalShutdown
Exiting due to channel error.
1595801666345	mozrunner::runner	INFO	Running command: "/Applications/Firefox.app/Contents/MacOS/firefox-bin" "-marionette" "--width=800" "--height=825" "-foreground" "-no-remote" "-profile" "/var/folders/pl/8hb0pb411bxbncqgjzgdz8jhtd21c2/T/rust_mozprofilePReGGn"
1595801668930	Marionette	INFO	Listening on port 50646
1595801668997	Marionette	WARN	TLS certificate errors will be ignored for this session
JavaScript error: https://connect.facebook.net/en_US/sdk.js?hash=9f5761e32075af042aecb7d35b56d0a7, line 62: uncaught exception: Error: invalid version specified
_RegisterApplication(), FAILED TO establish the default connection to the WindowServer, _CGSDefaultConnection() is NULL.
1595803116543	mozrunner::runner	INFO	Running command: "/Applications/Firefox.app/Contents/MacOS/firefox-bin" "-marionette" "--width=800" "--height=825" "-foreground" "-no-remote" "-profile" "/var/folders/pl/8hb0pb411bxbncqgjzgdz8jhtd21c2/T/rust_mozprofileG3m38B"
1595803119612	Marionette	INFO	Listening on port 50920
1595803119621	Marionette	WARN	TLS certificate errors will be ignored for this session
JavaScript error: https://connect.facebook.net/en_US/sdk.js?hash=9f5761e32075af042aecb7d35b56d0a7, line 62: uncaught exception: Error: invalid version specified
_RegisterApplication(), FAILED TO establish the default connection to the WindowServer, _CGSDefaultConnection() is NULL.
Exiting due to channel error.
Exiting due to channel error.
Exiting due to channel error.
1595806647756	mozrunner::runner	INFO	Running command: "/Applications/Firefox.app/Contents/MacOS/firefox-bin" "-marionette" "--width=800" "--height=825" "-foreground" "-no-remote" "-profile" "/var/folders/pl/8hb0pb411bxbncqgjzgdz8jhtd21c2/T/rust_mozprofilelghhka"
1595806650525	Marionette	INFO	Listening on port 51251
1595806650608	Marionette	WARN	TLS certificate errors will be ignored for this session
JavaScript error: https://connect.facebook.net/en_US/sdk.js?hash=b90daaad65cc54554ae737be2adf2050, line 62: uncaught exception: Error: invalid version specified
_RegisterApplication(), FAILED TO establish the default connection to the WindowServer, _CGSDefaultConnection() is NULL.
Exiting due to channel error.
[GFX1-]: Receive IPC close with reason=AbnormalShutdown
Exiting due to channel error.
[GFX1-]: Receive IPC close with reason=AbnormalShutdown
Exiting due to channel error.
1595817024641	Marionette	INFO	Stopped listening on port 61048
1595817027034	Marionette	INFO	Stopped listening on port 50646
1595819379106	mozrunner::runner	INFO	Running command: "/Applications/Firefox.app/Contents/MacOS/firefox-bin" "-marionette" "--width=800" "--height=825" "-foreground" "-no-remote" "-profile" "/var/folders/pl/8hb0pb411bxbncqgjzgdz8jhtd21c2/T/rust_mozprofile8Vq1VH"
1595819381821	Marionette	INFO	Listening on port 52690
1595819381867	Marionette	WARN	TLS certificate errors will be ignored for this session
[GFX1-]: Receive IPC close with reason=AbnormalShutdown
Exiting due to channel error.
Exiting due to channel error.
[GFX1-]: Receive IPC close with reason=AbnormalShutdown
Exiting due to channel error.
1595819406985	mozrunner::runner	INFO	Running command: "/Applications/Firefox.app/Contents/MacOS/firefox-bin" "-marionette" "--width=800" "--height=825" "-foreground" "-no-remote" "-profile" "/var/folders/pl/8hb0pb411bxbncqgjzgdz8jhtd21c2/T/rust_mozprofile5tjK90"
1595819409314	Marionette	INFO	Listening on port 52761
1595819409333	Marionette	WARN	TLS certificate errors will be ignored for this session
JavaScript error: https://connect.facebook.net/en_US/sdk.js?hash=fcc9c416cd13dd496f366d53c0703fc1, line 62: uncaught exception: Error: invalid version specified
[GFX1-]: Receive IPC close with reason=AbnormalShutdown
Exiting due to channel error.
[GFX1-]: Receive IPC close with reason=AbnormalShutdown
[Child 69212, Chrome_ChildThread] WARNING: pipe error: Socket is not connected: file /builds/worker/checkouts/gecko/ipc/chromium/src/chrome/common/ipc_channel_posix.cc, line 735
Exiting due to channel error.
[GFX1-]: Receive IPC close with reason=AbnormalShutdown
Exiting due to channel error.
1595819649042	mozrunner::runner	INFO	Running command: "/Applications/Firefox.app/Contents/MacOS/firefox-bin" "-marionette" "--width=800" "--height=825" "-foreground" "-no-remote" "-profile" "/var/folders/pl/8hb0pb411bxbncqgjzgdz8jhtd21c2/T/rust_mozprofilekU4TtL"
1595819651524	Marionette	INFO	Listening on port 52955
1595819651586	Marionette	WARN	TLS certificate errors will be ignored for this session
JavaScript error: https://connect.facebook.net/en_US/sdk.js?hash=fcc9c416cd13dd496f366d53c0703fc1, line 62: uncaught exception: Error: invalid version specified
_RegisterApplication(), FAILED TO establish the default connection to the WindowServer, _CGSDefaultConnection() is NULL.
1595861056215	Marionette	INFO	Stopped listening on port 52955
1595886697917	mozrunner::runner	INFO	Running command: "/Applications/Firefox.app/Contents/MacOS/firefox-bin" "-marionette" "--width=800" "--height=825" "-foreground" "-no-remote" "-profile" "/var/folders/pl/8hb0pb411bxbncqgjzgdz8jhtd21c2/T/rust_mozprofileVzlE98"
1595886700880	Marionette	INFO	Listening on port 60936
1595886700977	Marionette	WARN	TLS certificate errors will be ignored for this session
JavaScript error: https://connect.facebook.net/en_US/sdk.js?hash=1fbd06be9382767224d0256cfb699a4a, line 62: uncaught exception: Error: invalid version specified
_RegisterApplication(), FAILED TO establish the default connection to the WindowServer, _CGSDefaultConnection() is NULL.
Exiting due to channel error.
[GFX1-]: Receive IPC close with reason=AbnormalShutdown
Exiting due to channel error.
1595989928905	mozrunner::runner	INFO	Running command: "/Applications/Firefox.app/Contents/MacOS/firefox-bin" "-marionette" "--width=800" "--height=825" "-foreground" "-no-remote" "-profile" "/var/folders/pl/8hb0pb411bxbncqgjzgdz8jhtd21c2/T/rust_mozprofilepo8m7q"
1595989937806	Marionette	INFO	Listening on port 58694
1595989937866	Marionette	WARN	TLS certificate errors will be ignored for this session
JavaScript error: https://connect.facebook.net/en_US/sdk.js?hash=56fa2caf3070974e2698803157bf8098, line 62: uncaught exception: Error: invalid version specified
_RegisterApplication(), FAILED TO establish the default connection to the WindowServer, _CGSDefaultConnection() is NULL.
[GFX1-]: Receive IPC close with reason=AbnormalShutdown
Exiting due to channel error.
Exiting due to channel error.
Exiting due to channel error.
1596337050857	mozrunner::runner	INFO	Running command: "/Applications/Firefox.app/Contents/MacOS/firefox-bin" "-marionette" "--width=800" "--height=825" "-foreground" "-no-remote" "-profile" "/var/folders/pl/8hb0pb411bxbncqgjzgdz8jhtd21c2/T/rust_mozprofileg7QeP2"
console.error: SearchCache: "_readCacheFile: Error reading cache file:" (new Error("", "(unknown module)"))
1596337054545	Marionette	INFO	Listening on port 56058
1596337076608	mozrunner::runner	INFO	Running command: "/Applications/Firefox.app/Contents/MacOS/firefox-bin" "-marionette" "--width=800" "--height=825" "-foreground" "-no-remote" "-profile" "/var/folders/pl/8hb0pb411bxbncqgjzgdz8jhtd21c2/T/rust_mozprofilezn8ZEB"
console.error: SearchCache: "_readCacheFile: Error reading cache file:" (new Error("", "(unknown module)"))
1596337079189	Marionette	INFO	Listening on port 56103
1596337079253	Marionette	WARN	TLS certificate errors will be ignored for this session
JavaScript error: https://connect.facebook.net/en_US/sdk.js?hash=0a6cf22d60ad2e22bef6b2f454210162, line 59: uncaught exception: Error: invalid version specified
_RegisterApplication(), FAILED TO establish the default connection to the WindowServer, _CGSDefaultConnection() is NULL.
1596337189582	mozrunner::runner	INFO	Running command: "/Applications/Firefox.app/Contents/MacOS/firefox-bin" "-marionette" "--width=800" "--height=825" "-foreground" "-no-remote" "-profile" "/var/folders/pl/8hb0pb411bxbncqgjzgdz8jhtd21c2/T/rust_mozprofilel99p3C"
console.error: SearchCache: "_readCacheFile: Error reading cache file:" (new Error("", "(unknown module)"))
1596337192181	Marionette	INFO	Listening on port 56270
1596337192241	Marionette	WARN	TLS certificate errors will be ignored for this session
JavaScript error: https://connect.facebook.net/en_US/sdk.js?hash=0a6cf22d60ad2e22bef6b2f454210162, line 59: uncaught exception: Error: invalid version specified
console.error: Region.jsm: "Error fetching region" (new AbortError("The operation was aborted. ", (void 0), 636))
console.error: Region.jsm: "Failed to fetch region" (new Error("NO_RESULT", "resource://gre/modules/Region.jsm", 343))
_RegisterApplication(), FAILED TO establish the default connection to the WindowServer, _CGSDefaultConnection() is NULL.
Exiting due to channel error.
Exiting due to channel error.
[GFX1-]: Receive IPC close with reason=AbnormalShutdown
Exiting due to channel error.
1596337328588	mozrunner::runner	INFO	Running command: "/Applications/Firefox.app/Contents/MacOS/firefox-bin" "-marionette" "--width=800" "--height=825" "-foreground" "-no-remote" "-profile" "/var/folders/pl/8hb0pb411bxbncqgjzgdz8jhtd21c2/T/rust_mozprofileiK6M6N"
console.error: SearchCache: "_readCacheFile: Error reading cache file:" (new Error("", "(unknown module)"))
1596337331217	Marionette	INFO	Listening on port 56409
1596337331247	Marionette	WARN	TLS certificate errors will be ignored for this session
Exiting due to channel error.
[GFX1-]: Receive IPC close with reason=AbnormalShutdown
[GFX1-]: Receive IPC close with reason=AbnormalShutdown
Exiting due to channel error.
Exiting due to channel error.
JavaScript warning: https://www.google.com/search?client=firefox-b-1-d&q=%27http%3A%2F%2Fwww.trex-game.skipser.com%2F%27, line 11: Script terminated by timeout at:
Q@https://www.google.com/search?client=firefox-b-1-d&q=%27http%3A%2F%2Fwww.trex-game.skipser.com%2F%27:11:991
p@https://www.google.com/search?client=firefox-b-1-d&q=%27http%3A%2F%2Fwww.trex-game.skipser.com%2F%27:9:1340

JavaScript error: https://connect.facebook.net/en_US/sdk.js?hash=0a6cf22d60ad2e22bef6b2f454210162, line 59: uncaught exception: Error: invalid version specified
_RegisterApplication(), FAILED TO establish the default connection to the WindowServer, _CGSDefaultConnection() is NULL.
1596337433019	mozrunner::runner	INFO	Running command: "/Applications/Firefox.app/Contents/MacOS/firefox-bin" "-marionette" "--width=800" "--height=825" "-foreground" "-no-remote" "-profile" "/var/folders/pl/8hb0pb411bxbncqgjzgdz8jhtd21c2/T/rust_mozprofileYyD0KK"
console.error: SearchCache: "_readCacheFile: Error reading cache file:" (new Error("", "(unknown module)"))
1596337435475	Marionette	INFO	Listening on port 56560
1596337435482	Marionette	WARN	TLS certificate errors will be ignored for this session
JavaScript error: https://connect.facebook.net/en_US/sdk.js?hash=0a6cf22d60ad2e22bef6b2f454210162, line 59: uncaught exception: Error: invalid version specified
_RegisterApplication(), FAILED TO establish the default connection to the WindowServer, _CGSDefaultConnection() is NULL.
[GFX1]: [Tiling:Client] Failed to allocate a TextureClient
[GFX1]: ValidateTile failed
[GFX1]: [Tiling:Client] Failed to allocate a TextureClient
[GFX1]: ValidateTile failed
[GFX1]: [Tiling:Client] Failed to allocate a TextureClient
[GFX1]: [Tiling:Client] Failed to allocate a TextureClient
[GFX1]: [Tiling:Client] Failed to allocate a TextureClient
[GFX1]: [Tiling:Client] Failed to allocate a TextureClient
[GFX1]: [Tiling:Client] Failed to allocate a TextureClient
[GFX1]: [Tiling:Client] Failed to allocate a TextureClient
[GFX1]: [Tiling:Client] Failed to allocate a TextureClient
[GFX1]: [Tiling:Client] Failed to allocate a TextureClient
[GFX1]: [Tiling:Client] Failed to allocate a TextureClient
[GFX1]: [Tiling:Client] Failed to allocate a TextureClient
[GFX1]: [Tiling:Client] Failed to allocate a TextureClient
Exiting due to channel error.
[GFX1-]: Receive IPC close with reason=AbnormalShutdown
Exiting due to channel error.
Exiting due to channel error.
1596391864153	Marionette	INFO	Stopped listening on port 56058
1596391865032	Marionette	INFO	Stopped listening on port 56103
1598845106831	geckodriver	INFO	Listening on 127.0.0.1:51981
1598845109849	mozrunner::runner	INFO	Running command: "C:\\Program Files\\Mozilla Firefox\\firefox.exe" "--marionette" "--width=800" "--height=825" "-foreground" "-no-remote" "-profile" "C:\\Users\\ryano\\AppData\\Local\\Temp\\rust_mozprofileywGvW3"
JavaScript error: resource://gre/modules/XULStore.jsm, line 66: Error: Can't find profile directory.
console.error: SearchCache: "_readCacheFile: Error reading cache file:" (new Error("", "(unknown module)"))
1598845112205	Marionette	INFO	Listening on port 51989
1598845112491	Marionette	WARN	TLS certificate errors will be ignored for this session
JavaScript error: https://connect.facebook.net/en_US/sdk.js?hash=b9f3db6737c840b0567592e6c6b6d060, line 59: uncaught exception: Error: invalid version specified
1598845459861	Marionette	INFO	Stopped listening on port 51989

###!!! [Child][RunMessage] Error: Channel closing: too late to send/recv, messages will be lost


###!!! [Child][MessageChannel::SendAndWait] Error: Channel error: cannot send/recv

1598845460606	geckodriver	INFO	Listening on 127.0.0.1:52969
1598845463613	mozrunner::runner	INFO	Running command: "C:\\Program Files\\Mozilla Firefox\\firefox.exe" "--marionette" "--width=960.0" "--height=540.0" "-foreground" "-no-remote" "-profile" "C:\\Users\\ryano\\AppData\\Local\\Temp\\rust_mozprofileOaKeu4"
JavaScript error: resource://gre/modules/XULStore.jsm, line 66: Error: Can't find profile directory.
console.error: SearchCache: "_readCacheFile: Error reading cache file:" (new Error("", "(unknown module)"))
1598845466440	Marionette	INFO	Listening on port 52992
1598845466779	Marionette	WARN	TLS certificate errors will be ignored for this session
JavaScript error: https://connect.facebook.net/en_US/sdk.js?hash=b9f3db6737c840b0567592e6c6b6d060, line 59: uncaught exception: Error: invalid version specified
1598845509479	Marionette	INFO	Stopped listening on port 52992

###!!! [Child][RunMessage] Error: Channel closing: too late to send/recv, messages will be lost


###!!! [Child][MessageChannel::SendAndWait] Error: Channel error: cannot send/recv

:\\Users\\ryano\\AppData\\Local\\Temp\\rust_mozprofileQsVEDO"
JavaScript error: resource://gre/modules/XULStore.jsm, line 66: Error: Can't find profile directory.
console.error: SearchCache: "_readCacheFile: Error reading cache file:" (new Error("", "(unknown module)"))
1598845507740	Marionette	INFO	Listening on port 53293
1598845507892	Marionette	WARN	TLS certificate errors will be ignored for this session
JavaScript error: https://connect.facebook.net/en_US/sdk.js?hash=074b28230ebf61d234ec8c9d1b1ee8c8, line 59: uncaught exception: Error: invalid version specified
1598845540328	Marionette	INFO	Stopped listening on port 53293

###!!! [Child][RunMessage] Error: Channel closing: too late to send/recv, messages will be lost


###!!! [Child][MessageChannel::SendAndWait] Error: Channel error: cannot send/recv

1598845541807	geckodriver	INFO	Listening on 127.0.0.1:53461
1598845544828	mozrunner::runner	INFO	Running command: "C:\\Program Files\\Mozilla Firefox\\firefox.exe" "--marionette" "--width=640.0" "--height=1080" "-foreground" "-no-remote" "-profile" "C:\\Users\\ryano\\AppData\\Local\\Temp\\rust_mozprofileaY583G"
JavaScript error: resource://gre/modules/XULStore.jsm, line 66: Error: Can't find profile directory.
console.error: SearchCache: "_readCacheFile: Error reading cache file:" (new Error("", "(unknown module)"))
1598845547218	Marionette	INFO	Listening on port 53469
1598845547469	Marionette	WARN	TLS certificate errors will be ignored for this session
JavaScript error: https://connect.facebook.net/en_US/sdk.js?hash=b9f3db6737c840b0567592e6c6b6d060, line 59: uncaught exception: Error: invalid version specified
1598845591607	Marionette	INFO	Stopped listening on port 53469

###!!! [Child][MessageChannel::SendAndWait] Error: Channel error: cannot send/recv

1598845601618	geckodriver	INFO	Listening on 127.0.0.1:53657
1598845604627	mozrunner::runner	INFO	Running command: "C:\\Program Files\\Mozilla Firefox\\firefox.exe" "--marionette" "--width=576.0" "--height=864.0" "-foreground" "-no-remote" "-profile" "C:\\Users\\ryano\\AppData\\Local\\Temp\\rust_mozprofile3k6nkb"
JavaScript error: resource://gre/modules/XULStore.jsm, line 66: Error: Can't find profile directory.
console.error: SearchCache: "_readCacheFile: Error reading cache file:" (new Error("", "(unknown module)"))
1598845607032	Marionette	INFO	Listening on port 53665
1598845607284	Marionette	WARN	TLS certificate errors will be ignored for this session
JavaScript error: https://connect.facebook.net/en_US/sdk.js?hash=074b28230ebf61d234ec8c9d1b1ee8c8, line 59: uncaught exception: Error: invalid version specified

###!!! [Child][RunMessage] Error: Channel closing: too late to send/recv, messages will be lost

1598846094128	Marionette	INFO	Stopped listening on port 53665

###!!! [Child][RunMessage] Error: Channel closing: too late to send/recv, messages will be lost


###!!! [Child][MessageChannel::SendAndWait] Error: Channel error: cannot send/recv

1598846511070	geckodriver	INFO	Listening on 127.0.0.1:49932
1598846514116	mozrunner::runner	INFO	Running command: "C:\\Program Files\\Mozilla Firefox\\firefox.exe" "--marionette" "--width=576.0" "--height=864.0" "-foreground" "-no-remote" "-profile" "C:\\Users\\ryano\\AppData\\Local\\Temp\\rust_mozprofilehkAH3e"
JavaScript error: resource://gre/modules/XULStore.jsm, line 66: Error: Can't find profile directory.
console.error: SearchCache: "_readCacheFile: Error reading cache file:" (new Error("", "(unknown module)"))
1598846516587	Marionette	INFO	Listening on port 49940
1598846516767	Marionette	WARN	TLS certificate errors will be ignored for this session
JavaScript error: https://connect.facebook.net/en_US/sdk.js?hash=b9f3db6737c840b0567592e6c6b6d060, line 59: uncaught exception: Error: invalid version specified
1598846652522	Marionette	INFO	Stopped listening on port 49940

###!!! [Child][RunMessage] Error: Channel closing: too late to send/recv, messages will be lost


###!!! [Child][MessageChannel::SendAndWait] Error: Channel error: cannot send/recv

:\\Users\\ryano\\AppData\\Local\\Temp\\rust_mozprofileros7pu"
JavaScript error: resource://gre/modules/XULStore.jsm, line 66: Error: Can't find profile directory.
console.error: SearchCache: "_readCacheFile: Error reading cache file:" (new Error("", "(unknown module)"))
1598846654517	Marionette	INFO	Listening on port 50207
1598846654881	Marionette	WARN	TLS certificate errors will be ignored for this session
JavaScript error: https://connect.facebook.net/en_US/sdk.js?hash=074b28230ebf61d234ec8c9d1b1ee8c8, line 59: uncaught exception: Error: invalid version specified
[Child 13896, Chrome_ChildThread] WARNING: pipe error: 232: file /builds/worker/checkouts/gecko/ipc/chromium/src/chrome/common/ipc_channel_win.cc, line 545
1598847192364	Marionette	INFO	Stopped listening on port 50207

###!!! [Child][RunMessage] Error: Channel closing: too late to send/recv, messages will be lost


###!!! [Child][MessageChannel::SendAndWait] Error: Channel error: cannot send/recv

1598847205277	geckodriver	INFO	Listening on 127.0.0.1:51784
1598847208293	mozrunner::runner	INFO	Running command: "C:\\Program Files\\Mozilla Firefox\\firefox.exe" "--marionette" "--width=576.0" "--height=864.0" "-foreground" "-no-remote" "-profile" "C:\\Users\\ryano\\AppData\\Local\\Temp\\rust_mozprofileGRrMcU"
JavaScript error: resource://gre/modules/XULStore.jsm, line 66: Error: Can't find profile directory.
console.error: SearchCache: "_readCacheFile: Error reading cache file:" (new Error("", "(unknown module)"))
1598847211231	Marionette	INFO	Listening on port 51792
1598847211449	Marionette	WARN	TLS certificate errors will be ignored for this session
JavaScript error: https://connect.facebook.net/en_US/sdk.js?hash=074b28230ebf61d234ec8c9d1b1ee8c8, line 59: uncaught exception: Error: invalid version specified
1598847866945	Marionette	INFO	Stopped listening on port 51792

###!!! [Child][RunMessage] Error: Channel closing: too late to send/recv, messages will be lost


###!!! [Child][MessageChannel::SendAndWait] Error: Channel error: cannot send/recv

1598847883457	geckodriver	INFO	Listening on 127.0.0.1:52109
1598847886472	mozrunner::runner	INFO	Running command: "C:\\Program Files\\Mozilla Firefox\\firefox.exe" "--marionette" "--width=576.0" "--height=864.0" "-foreground" "-no-remote" "-profile" "C:\\Users\\ryano\\AppData\\Local\\Temp\\rust_mozprofilesRzEvW"
JavaScript error: resource://gre/modules/XULStore.jsm, line 66: Error: Can't find profile directory.
console.error: SearchCache: "_readCacheFile: Error reading cache file:" (new Error("", "(unknown module)"))
1598847888845	Marionette	INFO	Listening on port 52117
1598847889115	Marionette	WARN	TLS certificate errors will be ignored for this session
JavaScript error: https://connect.facebook.net/en_US/sdk.js?hash=074b28230ebf61d234ec8c9d1b1ee8c8, line 59: uncaught exception: Error: invalid version specified
1598847929269	Marionette	INFO	Stopped listening on port 52117

###!!! [Child][RunMessage] Error: Channel closing: too late to send/recv, messages will be lost


###!!! [Child][MessageChannel::SendAndWait] Error: Channel error: cannot send/recv

1598847943624	geckodriver	INFO	Listening on 127.0.0.1:52199
1598847946640	mozrunner::runner	INFO	Running command: "C:\\Program Files\\Mozilla Firefox\\firefox.exe" "--marionette" "--width=576.0" "--height=864.0" "-foreground" "-no-remote" "-profile" "C:\\Users\\ryano\\AppData\\Local\\Temp\\rust_mozprofileCv8iLv"
JavaScript error: resource://gre/modules/XULStore.jsm, line 66: Error: Can't find profile directory.
console.error: SearchCache: "_readCacheFile: Error reading cache file:" (new Error("", "(unknown module)"))
1598847948916	Marionette	INFO	Listening on port 52207
1598847949288	Marionette	WARN	TLS certificate errors will be ignored for this session
JavaScript error: https://connect.facebook.net/en_US/sdk.js?hash=074b28230ebf61d234ec8c9d1b1ee8c8, line 59: uncaught exception: Error: invalid version specified
1598848212390	Marionette	INFO	Stopped listening on port 52207

###!!! [Child][RunMessage] Error: Channel closing: too late to send/recv, messages will be lost


###!!! [Child][MessageChannel::SendAndWait] Error: Channel error: cannot send/recv

1598848336566	geckodriver	INFO	Listening on 127.0.0.1:52298
1598848339552	mozrunner::runner	INFO	Running command: "C:\\Program Files\\Mozilla Firefox\\firefox.exe" "--marionette" "--width=576.0" "--height=864.0" "-foreground" "-no-remote" "-profile" "C:\\Users\\ryano\\AppData\\Local\\Temp\\rust_mozprofileU3cgdK"
JavaScript error: resource://gre/modules/XULStore.jsm, line 66: Error: Can't find profile directory.
console.error: SearchCache: "_readCacheFile: Error reading cache file:" (new Error("", "(unknown module)"))
1598848341776	Marionette	INFO	Listening on port 52306
1598848342226	Marionette	WARN	TLS certificate errors will be ignored for this session
JavaScript error: https://connect.facebook.net/en_US/sdk.js?hash=074b28230ebf61d234ec8c9d1b1ee8c8, line 59: uncaught exception: Error: invalid version specified
1598879023229	Marionette	INFO	Stopped listening on port 52306

###!!! [Child][RunMessage] Error: Channel closing: too late to send/recv, messages will be lost


###!!! [Child][MessageChannel::SendAndWait] Error: Channel error: cannot send/recv

1598879099981	geckodriver	INFO	Listening on 127.0.0.1:53207
1598879102997	mozrunner::runner	INFO	Running command: "C:\\Program Files\\Mozilla Firefox\\firefox.exe" "--marionette" "--width=576.0" "--height=864.0" "-foreground" "-no-remote" "-profile" "C:\\Users\\ryano\\AppData\\Local\\Temp\\rust_mozprofilehbeoIn"
JavaScript error: resource://gre/modules/XULStore.jsm, line 66: Error: Can't find profile directory.
console.error: SearchCache: "_readCacheFile: Error reading cache file:" (new Error("", "(unknown module)"))
1598879106159	Marionette	INFO	Listening on port 53215
1598879106656	Marionette	WARN	TLS certificate errors will be ignored for this session
JavaScript error: https://connect.facebook.net/en_US/sdk.js?hash=52c83764aa29c52cdc1cc8fdc1fe46dd, line 59: uncaught exception: Error: invalid version specified
1598880048927	Marionette	INFO	Stopped listening on port 53215

###!!! [Child][MessageChannel::SendAndWait] Error: Channel error: cannot send/recv

1598880090561	geckodriver	INFO	Listening on 127.0.0.1:53348
1598880093593	mozrunner::runner	INFO	Running command: "C:\\Program Files\\Mozilla Firefox\\firefox.exe" "--marionette" "--width=576.0" "--height=864.0" "-foreground" "-no-remote" "-profile" "C:\\Users\\ryano\\AppData\\Local\\Temp\\rust_mozprofileNxs2Qz"
JavaScript error: resource://gre/modules/XULStore.jsm, line 66: Error: Can't find profile directory.
console.error: SearchCache: "_readCacheFile: Error reading cache file:" (new Error("", "(unknown module)"))
1598880096722	Marionette	INFO	Listening on port 53356
1598880096755	Marionette	WARN	TLS certificate errors will be ignored for this session
JavaScript error: https://connect.facebook.net/en_US/sdk.js?hash=52c83764aa29c52cdc1cc8fdc1fe46dd, line 59: uncaught exception: Error: invalid version specified
console.error: Region.jsm: "Error fetching region" (new AbortError("The operation was aborted. ", (void 0), 689))
console.error: Region.jsm: "Failed to fetch region" (new Error("NO_RESULT", "resource://gre/modules/Region.jsm", 343))
1598883669839	Marionette	INFO	Stopped listening on port 53356

###!!! [Child][MessageChannel::SendAndWait] Error: Channel error: cannot send/recv

1598883847886	geckodriver	INFO	Listening on 127.0.0.1:53639
1598883850917	mozrunner::runner	INFO	Running command: "C:\\Program Files\\Mozilla Firefox\\firefox.exe" "--marionette" "--width=576.0" "--height=864.0" "-foreground" "-no-remote" "-profile" "C:\\Users\\ryano\\AppData\\Local\\Temp\\rust_mozprofile6TF255"
JavaScript error: resource://gre/modules/XULStore.jsm, line 66: Error: Can't find profile directory.
console.error: SearchCache: "_readCacheFile: Error reading cache file:" (new Error("", "(unknown module)"))
1598883854053	Marionette	INFO	Listening on port 53647
1598883854074	Marionette	WARN	TLS certificate errors will be ignored for this session
JavaScript error: https://connect.facebook.net/en_US/sdk.js?hash=43076a9dd9f24fdb8cd3e0cc0cc4be7a, line 59: uncaught exception: Error: invalid version specified
console.error: Region.jsm: "Error fetching region" (new AbortError("The operation was aborted. ", (void 0), 689))
console.error: Region.jsm: "Failed to fetch region" (new Error("NO_RESULT", "resource://gre/modules/Region.jsm", 343))
1598883901232	Marionette	INFO	Stopped listening on port 53647

###!!! [Child][RunMessage] Error: Channel closing: too late to send/recv, messages will be lost


###!!! [Child][MessageChannel::SendAndWait] Error: Channel error: cannot send/recv

1598883966564	geckodriver	INFO	Listening on 127.0.0.1:53733
1598883969564	mozrunner::runner	INFO	Running command: "C:\\Program Files\\Mozilla Firefox\\firefox.exe" "--marionette" "--width=576.0" "--height=864.0" "-foreground" "-no-remote" "-profile" "C:\\Users\\ryano\\AppData\\Local\\Temp\\rust_mozprofileiUapSn"
JavaScript error: resource://gre/modules/XULStore.jsm, line 66: Error: Can't find profile directory.
console.error: SearchCache: "_readCacheFile: Error reading cache file:" (new Error("", "(unknown module)"))
1598883972666	Marionette	INFO	Listening on port 53741
1598883972751	Marionette	WARN	TLS certificate errors will be ignored for this session
JavaScript error: https://connect.facebook.net/en_US/sdk.js?hash=43076a9dd9f24fdb8cd3e0cc0cc4be7a, line 59: uncaught exception: Error: invalid version specified
console.error: Region.jsm: "Error fetching region" (new AbortError("The operation was aborted. ", (void 0), 689))
console.error: Region.jsm: "Failed to fetch region" (new Error("NO_RESULT", "resource://gre/modules/Region.jsm", 343))
1598886803859	Marionette	INFO	Stopped listening on port 53741

###!!! [Child][MessageChannel::SendAndWait] Error: Channel error: cannot send/recv

1598886901944	geckodriver	INFO	Listening on 127.0.0.1:53877
1598886904991	mozrunner::runner	INFO	Running command: "C:\\Program Files\\Mozilla Firefox\\firefox.exe" "--marionette" "--width=576.0" "--height=864.0" "-foreground" "-no-remote" "-profile" "C:\\Users\\ryano\\AppData\\Local\\Temp\\rust_mozprofileq99qgs"
JavaScript error: resource://gre/modules/XULStore.jsm, line 66: Error: Can't find profile directory.
console.error: SearchCache: "_readCacheFile: Error reading cache file:" (new Error("", "(unknown module)"))
1598886908243	Marionette	INFO	Listening on port 53885
1598886908644	Marionette	WARN	TLS certificate errors will be ignored for this session
JavaScript error: https://connect.facebook.net/en_US/sdk.js?hash=43076a9dd9f24fdb8cd3e0cc0cc4be7a, line 59: uncaught exception: Error: invalid version specified
console.error: Region.jsm: "Error fetching region" (new AbortError("The operation was aborted. ", (void 0), 689))
console.error: Region.jsm: "Failed to fetch region" (new Error("NO_RESULT", "resource://gre/modules/Region.jsm", 343))
1598887283741	Marionette	INFO	Stopped listening on port 53885

###!!! [Child][RunMessage] Error: Channel closing: too late to send/recv, messages will be lost


###!!! [Child][MessageChannel::SendAndWait] Error: Channel error: cannot send/recv

1598887438958	geckodriver	INFO	Listening on 127.0.0.1:53970
1598887442005	mozrunner::runner	INFO	Running command: "C:\\Program Files\\Mozilla Firefox\\firefox.exe" "--marionette" "--width=576.0" "--height=864.0" "-foreground" "-no-remote" "-profile" "C:\\Users\\ryano\\AppData\\Local\\Temp\\rust_mozprofilexmJozX"
JavaScript error: resource://gre/modules/XULStore.jsm, line 66: Error: Can't find profile directory.
console.error: SearchCache: "_readCacheFile: Error reading cache file:" (new Error("", "(unknown module)"))
1598887445153	Marionette	INFO	Listening on port 53978
1598887445181	Marionette	WARN	TLS certificate errors will be ignored for this session
JavaScript error: https://connect.facebook.net/en_US/sdk.js?hash=43076a9dd9f24fdb8cd3e0cc0cc4be7a, line 59: uncaught exception: Error: invalid version specified
1598887455337	Marionette	INFO	Stopped listening on port 53978

###!!! [Child][RunMessage] Error: Channel closing: too late to send/recv, messages will be lost


###!!! [Child][MessageChannel::SendAndWait] Error: Channel error: cannot send/recv

1598887545293	geckodriver	INFO	Listening on 127.0.0.1:54105
1598887548293	mozrunner::runner	INFO	Running command: "C:\\Program Files\\Mozilla Firefox\\firefox.exe" "--marionette" "--width=576.0" "--height=864.0" "-foreground" "-no-remote" "-profile" "C:\\Users\\ryano\\AppData\\Local\\Temp\\rust_mozprofileuHjedl"
JavaScript error: resource://gre/modules/XULStore.jsm, line 66: Error: Can't find profile directory.
console.error: SearchCache: "_readCacheFile: Error reading cache file:" (new Error("", "(unknown module)"))
1598887551549	Marionette	INFO	Listening on port 54113
1598887551953	Marionette	WARN	TLS certificate errors will be ignored for this session
JavaScript error: https://connect.facebook.net/en_US/sdk.js?hash=43076a9dd9f24fdb8cd3e0cc0cc4be7a, line 59: uncaught exception: Error: invalid version specified
console.error: Region.jsm: "Error fetching region" (new AbortError("The operation was aborted. ", (void 0), 689))
console.error: Region.jsm: "Failed to fetch region" (new Error("NO_RESULT", "resource://gre/modules/Region.jsm", 343))
1598887657492	Marionette	INFO	Stopped listening on port 54113

###!!! [Child][RunMessage] Error: Channel closing: too late to send/recv, messages will be lost


###!!! [Child][MessageChannel::SendAndWait] Error: Channel error: cannot send/recv

1598887699406	geckodriver	INFO	Listening on 127.0.0.1:54195
1598887702422	mozrunner::runner	INFO	Running command: "C:\\Program Files\\Mozilla Firefox\\firefox.exe" "--marionette" "--width=576.0" "--height=864.0" "-foreground" "-no-remote" "-profile" "C:\\Users\\ryano\\AppData\\Local\\Temp\\rust_mozprofilejyb2Va"
JavaScript error: resource://gre/modules/XULStore.jsm, line 66: Error: Can't find profile directory.
console.error: SearchCache: "_readCacheFile: Error reading cache file:" (new Error("", "(unknown module)"))
1598887705485	Marionette	INFO	Listening on port 54203
1598887705614	Marionette	WARN	TLS certificate errors will be ignored for this session
JavaScript error: https://connect.facebook.net/en_US/sdk.js?hash=43076a9dd9f24fdb8cd3e0cc0cc4be7a, line 59: uncaught exception: Error: invalid version specified
1598908992569	Marionette	INFO	Stopped listening on port 54203

###!!! [Child][RunMessage] Error: Channel closing: too late to send/recv, messages will be lost


###!!! [Child][MessageChannel::SendAndWait] Error: Channel error: cannot send/recv

1598909538117	geckodriver	INFO	Listening on 127.0.0.1:55007
1598909541195	mozrunner::runner	INFO	Running command: "C:\\Program Files\\Mozilla Firefox\\firefox.exe" "--marionette" "--width=576.0" "--height=864.0" "-foreground" "-no-remote" "-profile" "C:\\Users\\ryano\\AppData\\Local\\Temp\\rust_mozprofileoZgbTd"
JavaScript error: resource://gre/modules/XULStore.jsm, line 66: Error: Can't find profile directory.
console.error: SearchCache: "_readCacheFile: Error reading cache file:" (new Error("", "(unknown module)"))
1598909544395	Marionette	INFO	Listening on port 55015
1598909544876	Marionette	WARN	TLS certificate errors will be ignored for this session
JavaScript error: https://connect.facebook.net/en_US/sdk.js?hash=9c27b8ee6193770e7af63874ef88b77c, line 59: uncaught exception: Error: invalid version specified
1598909671759	Marionette	INFO	Stopped listening on port 55015

###!!! [Child][RunMessage] Error: Channel closing: too late to send/recv, messages will be lost


###!!! [Child][MessageChannel::SendAndWait] Error: Channel error: cannot send/recv

1598909741831	geckodriver	INFO	Listening on 127.0.0.1:55101
1598909744878	mozrunner::runner	INFO	Running command: "C:\\Program Files\\Mozilla Firefox\\firefox.exe" "--marionette" "--width=576.0" "--height=864.0" "-foreground" "-no-remote" "-profile" "C:\\Users\\ryano\\AppData\\Local\\Temp\\rust_mozprofileagjSXm"
JavaScript error: resource://gre/modules/XULStore.jsm, line 66: Error: Can't find profile directory.
console.error: SearchCache: "_readCacheFile: Error reading cache file:" (new Error("", "(unknown module)"))
1598909750913	Marionette	INFO	Listening on port 55109
1598909751197	Marionette	WARN	TLS certificate errors will be ignored for this session
JavaScript error: https://connect.facebook.net/en_US/sdk.js?hash=9c27b8ee6193770e7af63874ef88b77c, line 59: uncaught exception: Error: invalid version specified
1598965343654	Marionette	INFO	Stopped listening on port 55109

###!!! [Child][RunMessage] Error: Channel closing: too late to send/recv, messages will be lost


###!!! [Child][MessageChannel::SendAndWait] Error: Channel error: cannot send/recv

1598966148487	geckodriver	INFO	Listening on 127.0.0.1:56850
1598966151519	mozrunner::runner	INFO	Running command: "C:\\Program Files\\Mozilla Firefox\\firefox.exe" "--marionette" "--width=576.0" "--height=864.0" "-foreground" "-no-remote" "-profile" "C:\\Users\\ryano\\AppData\\Local\\Temp\\rust_mozprofileVWbbJl"
JavaScript error: resource://gre/modules/XULStore.jsm, line 66: Error: Can't find profile directory.
console.error: SearchCache: "_readCacheFile: Error reading cache file:" (new Error("", "(unknown module)"))
1598966153902	Marionette	INFO	Listening on port 56858
1598966154166	Marionette	WARN	TLS certificate errors will be ignored for this session
JavaScript error: https://connect.facebook.net/en_US/sdk.js?hash=d9cdccafa6130f09705538b1f9832bae, line 59: uncaught exception: Error: invalid version specified
console.error: Region.jsm: "Error fetching region" (new AbortError("The operation was aborted. ", (void 0), 689))
console.error: Region.jsm: "Failed to fetch region" (new Error("NO_RESULT", "resource://gre/modules/Region.jsm", 343))
1598995712516	Marionette	INFO	Stopped listening on port 56858

###!!! [Child][RunMessage] Error: Channel closing: too late to send/recv, messages will be lost


###!!! [Child][MessageChannel::SendAndWait] Error: Channel error: cannot send/recv

1598995943735	geckodriver	INFO	Listening on 127.0.0.1:57626
1598995946736	mozrunner::runner	INFO	Running command: "C:\\Program Files\\Mozilla Firefox\\firefox.exe" "--marionette" "--width=576.0" "--height=864.0" "-foreground" "-no-remote" "-profile" "C:\\Users\\ryano\\AppData\\Local\\Temp\\rust_mozprofilew6s1OJ"
1598996039071	geckodriver	INFO	Listening on 127.0.0.1:57673
1598996042072	mozrunner::runner	INFO	Running command: "C:\\Program Files\\Mozilla Firefox\\firefox.exe" "--marionette" "--width=576.0" "--height=864.0" "-foreground" "-no-remote" "-profile" "C:\\Users\\ryano\\AppData\\Local\\Temp\\rust_mozprofilekhX5ot"
JavaScript error: resource://gre/modules/XULStore.jsm, line 66: Error: Can't find profile directory.
console.error: SearchCache: "_readCacheFile: Error reading cache file:" (new Error("", "(unknown module)"))
1598996044300	Marionette	INFO	Listening on port 57682
1598996044732	Marionette	WARN	TLS certificate errors will be ignored for this session
JavaScript error: https://connect.facebook.net/en_US/sdk.js?hash=c37b12993e31f4646d1007f4fdc4837a, line 59: uncaught exception: Error: invalid version specified
